Start testing: Aug 04 16:23 Hora oficial do Brasil
----------------------------------------------------------
1/2 Testing: core_utils_tests
1/2 Test: core_utils_tests
Command: "C:/Users/T.i/Documents/Codex/Projeto-transporte-Prefeitura-Piranga/build-atualizado/core_utils_tests.exe"
Directory: C:/Users/T.i/Documents/Codex/Projeto-transporte-Prefeitura-Piranga/build-atualizado
"core_utils_tests" start time: Aug 04 16:23 Hora oficial do Brasil
Output:
----------------------------------------------------------
Todos os testes de CPF e data passaram.
<end of output>
Test time =   0.22 sec
----------------------------------------------------------
Test Passed.
"core_utils_tests" end time: Aug 04 16:23 Hora oficial do Brasil
"core_utils_tests" time elapsed: 00:00:00
----------------------------------------------------------

2/2 Testing: report_exporter_tests
2/2 Test: report_exporter_tests
Command: "C:/Users/T.i/Documents/Codex/Projeto-transporte-Prefeitura-Piranga/build-atualizado/report_exporter_tests.exe"
Directory: C:/Users/T.i/Documents/Codex/Projeto-transporte-Prefeitura-Piranga/build-atualizado
"report_exporter_tests" start time: Aug 04 16:23 Hora oficial do Brasil
Output:
----------------------------------------------------------
<end of output>
Test time =   3.23 sec
----------------------------------------------------------
Test Passed.
"report_exporter_tests" end time: Aug 04 16:23 Hora oficial do Brasil
"report_exporter_tests" time elapsed: 00:00:03
----------------------------------------------------------

End testing: Aug 04 16:23 Hora oficial do Brasil
